c:\users\kga_5\desktop\팀포폴\x64\debug\vc142.pdb
c:\users\kga_5\desktop\팀포폴\x64\debug\vc142.idb
c:\users\kga_5\desktop\팀포폴\x64\debug\loadingscene.obj
c:\users\kga_5\desktop\팀포폴\x64\debug\keymanager.obj
c:\users\kga_5\desktop\팀포폴\x64\debug\keyanimanager.obj
c:\users\kga_5\desktop\팀포폴\x64\debug\intromenuscene.obj
c:\users\kga_5\desktop\팀포폴\x64\debug\inidatamanager.obj
c:\users\kga_5\desktop\팀포폴\x64\debug\imagemanager.obj
c:\users\kga_5\desktop\팀포폴\x64\debug\image.obj
c:\users\kga_5\desktop\팀포폴\x64\debug\gamenode.obj
c:\users\kga_5\desktop\팀포폴\x64\debug\eventmanager.obj
c:\users\kga_5\desktop\팀포폴\x64\debug\event.obj
c:\users\kga_5\desktop\팀포폴\x64\debug\enemystate.obj
c:\users\kga_5\desktop\팀포폴\x64\debug\enemyrunstate.obj
c:\users\kga_5\desktop\팀포폴\x64\debug\enemymove.obj
c:\users\kga_5\desktop\팀포폴\x64\debug\enemyidlestate.obj
c:\users\kga_5\desktop\팀포폴\x64\debug\enemy.obj
c:\users\kga_5\desktop\팀포폴\x64\debug\effectmanager.obj
c:\users\kga_5\desktop\팀포폴\x64\debug\effect.obj
c:\users\kga_5\desktop\팀포폴\x64\debug\collision.obj
c:\users\kga_5\desktop\팀포폴\x64\debug\cameramanager.obj
c:\users\kga_5\desktop\팀포폴\x64\debug\animation.obj
c:\users\kga_5\desktop\팀포폴\x64\debug\windowsapi.obj
c:\users\kga_5\desktop\팀포폴\x64\debug\utils.obj
c:\users\kga_5\desktop\팀포폴\x64\debug\txtdata.obj
c:\users\kga_5\desktop\팀포폴\x64\debug\transform.obj
c:\users\kga_5\desktop\팀포폴\x64\debug\timer.obj
c:\users\kga_5\desktop\팀포폴\x64\debug\timemanager.obj
c:\users\kga_5\desktop\팀포폴\x64\debug\soundmanager.obj
c:\users\kga_5\desktop\팀포폴\x64\debug\scenemanager.obj
c:\users\kga_5\desktop\팀포폴\x64\debug\renderer.obj
c:\users\kga_5\desktop\팀포폴\x64\debug\progressbar.obj
c:\users\kga_5\desktop\팀포폴\x64\debug\playground.obj
c:\users\kga_5\desktop\팀포폴\x64\debug\pixelcollsion.obj
c:\users\kga_5\desktop\팀포폴\x64\debug\windowsapi.pch
c:\users\kga_5\desktop\팀포폴\x64\debug\stdafx.obj
c:\users\kga_5\desktop\팀포폴\x64\debug\gameobject.obj
c:\users\kga_5\desktop\팀포폴\x64\debug\stageonestart.obj
c:\users\kga_5\desktop\팀포폴\x64\debug\stageoneofone.obj
c:\users\kga_5\desktop\팀포폴\x64\debug\stagemanager.obj
c:\users\kga_5\desktop\팀포폴\x64\debug\saveload.obj
c:\users\kga_5\desktop\팀포폴\x64\debug\player.obj
c:\users\kga_5\desktop\팀포폴\x64\debug\parentstage.obj
c:\users\kga_5\desktop\팀포폴\x64\debug\objectmanager.obj
c:\users\kga_5\desktop\팀포폴\x64\debug\object.obj
c:\users\kga_5\desktop\팀포폴\x64\debug\windowsapi.ilk
c:\users\kga_5\desktop\팀포폴\x64\debug\windowsapi.exe
c:\users\kga_5\desktop\팀포폴\x64\debug\windowsapi.pdb
c:\users\kga_5\desktop\팀포폴\x64\debug\windowsapi.res
c:\users\kga_5\desktop\팀포폴\x64\debug\windowsapi.tlog\cl.command.1.tlog
c:\users\kga_5\desktop\팀포폴\x64\debug\windowsapi.tlog\cl.read.1.tlog
c:\users\kga_5\desktop\팀포폴\x64\debug\windowsapi.tlog\cl.write.1.tlog
c:\users\kga_5\desktop\팀포폴\x64\debug\windowsapi.tlog\link.command.1.tlog
c:\users\kga_5\desktop\팀포폴\x64\debug\windowsapi.tlog\link.read.1.tlog
c:\users\kga_5\desktop\팀포폴\x64\debug\windowsapi.tlog\link.write.1.tlog
c:\users\kga_5\desktop\팀포폴\x64\debug\windowsapi.tlog\rc.command.1.tlog
c:\users\kga_5\desktop\팀포폴\x64\debug\windowsapi.tlog\rc.read.1.tlog
c:\users\kga_5\desktop\팀포폴\x64\debug\windowsapi.tlog\rc.write.1.tlog
